# JRE version: OpenJDK Runtime Environment (11.0+28) (build 11+28)
# Java VM: OpenJDK 64-Bit Server VM (11+28, mixed mode, tiered, compressed oops, g1 gc, windows-amd64)
Heap:
 garbage-first heap   total 262144K, used 160156K [0x00000000e0000000, 0x0000000100000000)
  region size 1024K, 11 young (11264K), 7 survivors (7168K)
 Metaspace       used 79790K, capacity 82326K, committed 82560K, reserved 325632K
  class space    used 10141K, capacity 11014K, committed 11136K, reserved 253952K
GC Heap History (10 events):
Event: 21.004 GC heap before
{Heap before GC invocations=18 (full 0):
 garbage-first heap   total 262144K, used 214124K [0x00000000e0000000, 0x0000000100000000)
  region size 1024K, 83 young (84992K), 8 survivors (8192K)
 Metaspace       used 71386K, capacity 73775K, committed 73856K, reserved 319488K
  class space    used 9216K, capacity 10076K, committed 10112K, reserved 253952K
}
Event: 21.014 GC heap after
{Heap after GC invocations=19 (full 0):
 garbage-first heap   total 262144K, used 139489K [0x00000000e0000000, 0x0000000100000000)
  region size 1024K, 6 young (6144K), 6 survivors (6144K)
 Metaspace       used 71386K, capacity 73775K, committed 73856K, reserved 319488K
  class space    used 9216K, capacity 10076K, committed 10112K, reserved 253952K
}
Event: 21.554 GC heap before
{Heap before GC invocations=19 (full 0):
 garbage-first heap   total 262144K, used 175329K [0x00000000e0000000, 0x0000000100000000)
  region size 1024K, 42 young (43008K), 6 survivors (6144K)
 Metaspace       used 73621K, capacity 75965K, committed 76160K, reserved 321536K
  class space    used 9492K, capacity 10348K, committed 10368K, reserved 253952K
}
Event: 21.561 GC heap after
{Heap after GC invocations=20 (full 0):
 garbage-first heap   total 262144K, used 141191K [0x00000000e0000000, 0x0000000100000000)
  region size 1024K, 7 young (7168K), 7 survivors (7168K)
 Metaspace       used 73621K, capacity 75965K, committed 76160K, reserved 321536K
  class space    used 9492K, capacity 10348K, committed 10368K, reserved 253952K
}
Event: 22.526 GC heap before
{Heap before GC invocations=21 (full 0):
 garbage-first heap   total 262144K, used 221063K [0x00000000e0000000, 0x0000000100000000)
  region size 1024K, 84 young (86016K), 7 survivors (7168K)
 Metaspace       used 76460K, capacity 78939K, committed 78976K, reserved 323584K
  class space    used 9750K, capacity 10610K, committed 10624K, reserved 253952K
}
Event: 22.538 GC heap after
{Heap after GC invocations=22 (full 0):
 garbage-first heap   total 262144K, used 144655K [0x00000000e0000000, 0x0000000100000000)
  region size 1024K, 8 young (8192K), 8 survivors (8192K)
 Metaspace       used 76460K, capacity 78939K, committed 78976K, reserved 323584K
  class space    used 9750K, capacity 10610K, committed 10624K, reserved 253952K
}
Event: 403.325 GC heap before
{Heap before GC invocations=22 (full 0):
 garbage-first heap   total 262144K, used 220431K [0x00000000e0000000, 0x0000000100000000)
  region size 1024K, 82 young (83968K), 8 survivors (8192K)
 Metaspace       used 78354K, capacity 80935K, committed 81152K, reserved 325632K
  class space    used 9994K, capacity 10931K, committed 11008K, reserved 253952K
}
Event: 403.344 GC heap after
{Heap after GC invocations=23 (full 0):
 garbage-first heap   total 262144K, used 150765K [0x00000000e0000000, 0x0000000100000000)
  region size 1024K, 11 young (11264K), 11 survivors (11264K)
 Metaspace       used 78354K, capacity 80935K, committed 81152K, reserved 325632K
  class space    used 9994K, capacity 10931K, committed 11008K, reserved 253952K
}
Event: 404.311 GC heap before
{Heap before GC invocations=24 (full 0):
 garbage-first heap   total 262144K, used 219373K [0x00000000e0000000, 0x0000000100000000)
  region size 1024K, 79 young (80896K), 11 survivors (11264K)
 Metaspace       used 78051K, capacity 80458K, committed 81408K, reserved 325632K
  class space    used 9867K, capacity 10696K, committed 11008K, reserved 253952K
}
Event: 404.327 GC heap after
{Heap after GC invocations=25 (full 0):
 garbage-first heap   total 262144K, used 156009K [0x00000000e0000000, 0x0000000100000000)
  region size 1024K, 6 young (6144K), 6 survivors (6144K)
 Metaspace       used 78051K, capacity 80458K, committed 81408K, reserved 325632K
  class space    used 9867K, capacity 10696K, committed 11008K, reserved 253952K
}

